<?xml version="1.0" encoding="UTF-8"?>
<beans xmlns="http://www.springframework.org/schema/beans"
       xmlns:xsi="http://www.w3.org/2001/XMLSchema-instance"
       xmlns:context="http://www.springframework.org/schema/context"
       xsi:schemaLocation="http://www.springframework.org/schema/beans
       http://www.springframework.org/schema/beans/spring-beans.xsd
       http://www.springframework.org/schema/context
	   http://www.springframework.org/schema/context/spring-context-4.0.xsd">

    <context:property-placeholder order="20" ignore-unresolvable="true"
                                  location="classpath:test-application.properties"/>

    <context:component-scan base-package="com.zxd.task">
        <context:exclude-filter type="annotation" expression="org.springframework.stereotype.Controller"/>
    </context:component-scan>


    <import resource="classpath*:mybatis-config.xml"/>
    <!--<import resource="classpath*:service-kafka-producer.xml"/>-->
    <!--<import resource="classpath*:service-kafka-consumer.xml"/>-->
    <import resource="service-redis-client.xml"/>


</beans>